# JRE version: OpenJDK Runtime Environment (7.0_65-b32) (build 1.7.0_65-b32)
# Java VM: OpenJDK Client VM (24.65-b04 mixed mode, sharing linux-x86 )
Heap
 def new generation   total 96896K, used 0K [0x6a800000, 0x71120000, 0x72800000)
  eden space 86144K,   0% used [0x6a800000, 0x6a800000, 0x6fc20000)
  from space 10752K,   0% used [0x706a0000, 0x706a0000, 0x71120000)
  to   space 10752K,   0% used [0x6fc20000, 0x6fc20000, 0x706a0000)
 tenured generation   total 215628K, used 143219K [0x72800000, 0x7fa93000, 0x82800000)
   the space 215628K,  66% used [0x72800000, 0x7b3dcdc8, 0x7b3dce00, 0x7fa93000)
 compacting perm gen  total 42240K, used 42030K [0x82800000, 0x85140000, 0x92800000)
   the space 42240K,  99% used [0x82800000, 0x8510bbe8, 0x8510bc00, 0x85140000)
    ro space 10240K,  58% used [0x92800000, 0x92de0d00, 0x92de0e00, 0x93200000)
    rw space 12288K,  59% used [0x93200000, 0x93915cc0, 0x93915e00, 0x93e00000)
GC Heap History (10 events):
Event: 2285.663 GC heap after
Heap after GC invocations=260 (full 45):
 def new generation   total 96896K, used 9947K [0x6a800000, 0x71120000, 0x72800000)
  eden space 86144K,   0% used [0x6a800000, 0x6a800000, 0x6fc20000)
  from space 10752K,  92% used [0x6fc20000, 0x705d6dc8, 0x706a0000)
  to   space 10752K,   0% used [0x706a0000, 0x706a0000, 0x71120000)
 tenured generation   total 215116K, used 189258K [0x72800000, 0x7fa13000, 0x82800000)
   the space 215116K,  87% used [0x72800000, 0x7e0d2b30, 0x7e0d2c00, 0x7fa13000)
 compacting perm gen  total 42240K, used 42030K [0x82800000, 0x85140000, 0x92800000)
   the space 42240K,  99% used [0x82800000, 0x8510bbe8, 0x8510bc00, 0x85140000)
    ro space 10240K,  58% used [0x92800000, 0x92de0d00, 0x92de0e00, 0x93200000)
    rw space 12288K,  59% used [0x93200000, 0x93915cc0, 0x93915e00, 0x93e00000)
}
Event: 2285.937 GC heap before
{Heap before GC invocations=260 (full 45):
 def new generation   total 96896K, used 96091K [0x6a800000, 0x71120000, 0x72800000)
  eden space 86144K, 100% used [0x6a800000, 0x6fc20000, 0x6fc20000)
  from space 10752K,  92% used [0x6fc20000, 0x705d6dc8, 0x706a0000)
  to   space 10752K,   0% used [0x706a0000, 0x706a0000, 0x71120000)
 tenured generation   total 215116K, used 189258K [0x72800000, 0x7fa13000, 0x82800000)
   the space 215116K,  87% used [0x72800000, 0x7e0d2b30, 0x7e0d2c00, 0x7fa13000)
 compacting perm gen  total 42240K, used 42030K [0x82800000, 0x85140000, 0x92800000)
   the space 42240K,  99% used [0x82800000, 0x8510bbe8, 0x8510bc00, 0x85140000)
    ro space 10240K,  58% used [0x92800000, 0x92de0d00, 0x92de0e00, 0x93200000)
    rw space 12288K,  59% used [0x93200000, 0x93915cc0, 0x93915e00, 0x93e00000)
Event: 2285.951 GC heap after
Heap after GC invocations=261 (full 45):
 def new generation   total 96896K, used 3536K [0x6a800000, 0x71120000, 0x72800000)
  eden space 86144K,   0% used [0x6a800000, 0x6a800000, 0x6fc20000)
  from space 10752K,  32% used [0x706a0000, 0x70a142d0, 0x71120000)
  to   space 10752K,   0% used [0x6fc20000, 0x6fc20000, 0x706a0000)
 tenured generation   total 215116K, used 195748K [0x72800000, 0x7fa13000, 0x82800000)
   the space 215116K,  90% used [0x72800000, 0x7e729020, 0x7e729200, 0x7fa13000)
 compacting perm gen  total 42240K, used 42030K [0x82800000, 0x85140000, 0x92800000)
   the space 42240K,  99% used [0x82800000, 0x8510bbe8, 0x8510bc00, 0x85140000)
    ro space 10240K,  58% used [0x92800000, 0x92de0d00, 0x92de0e00, 0x93200000)
    rw space 12288K,  59% used [0x93200000, 0x93915cc0, 0x93915e00, 0x93e00000)
}
Event: 2286.540 GC heap before
{Heap before GC invocations=261 (full 45):
 def new generation   total 96896K, used 89680K [0x6a800000, 0x71120000, 0x72800000)
  eden space 86144K, 100% used [0x6a800000, 0x6fc20000, 0x6fc20000)
  from space 10752K,  32% used [0x706a0000, 0x70a142d0, 0x71120000)
  to   space 10752K,   0% used [0x6fc20000, 0x6fc20000, 0x706a0000)
 tenured generation   total 215116K, used 195748K [0x72800000, 0x7fa13000, 0x82800000)
   the space 215116K,  90% used [0x72800000, 0x7e729020, 0x7e729200, 0x7fa13000)
 compacting perm gen  total 42240K, used 42030K [0x82800000, 0x85140000, 0x92800000)
   the space 42240K,  99% used [0x82800000, 0x8510bbe8, 0x8510bc00, 0x85140000)
    ro space 10240K,  58% used [0x92800000, 0x92de0d00, 0x92de0e00, 0x93200000)
    rw space 12288K,  59% used [0x93200000, 0x93915cc0, 0x93915e00, 0x93e00000)
Event: 2286.547 GC heap after
Heap after GC invocations=262 (full 45):
 def new generation   total 96896K, used 5592K [0x6a800000, 0x71120000, 0x72800000)
  eden space 86144K,   0% used [0x6a800000, 0x6a800000, 0x6fc20000)
  from space 10752K,  52% used [0x6fc20000, 0x70196138, 0x706a0000)
  to   space 10752K,   0% used [0x706a0000, 0x706a0000, 0x71120000)
 tenured generation   total 215116K, used 195748K [0x72800000, 0x7fa13000, 0x82800000)
   the space 215116K,  90% used [0x72800000, 0x7e729020, 0x7e729200, 0x7fa13000)
 compacting perm gen  total 42240K, used 42030K [0x82800000, 0x85140000, 0x92800000)
   the space 42240K,  99% used [0x82800000, 0x8510bbe8, 0x8510bc00, 0x85140000)
    ro space 10240K,  58% used [0x92800000, 0x92de0d00, 0x92de0e00, 0x93200000)
    rw space 12288K,  59% used [0x93200000, 0x93915cc0, 0x93915e00, 0x93e00000)
}
Event: 2286.856 GC heap before
{Heap before GC invocations=262 (full 45):
 def new generation   total 96896K, used 91736K [0x6a800000, 0x71120000, 0x72800000)
  eden space 86144K, 100% used [0x6a800000, 0x6fc20000, 0x6fc20000)
  from space 10752K,  52% used [0x6fc20000, 0x70196138, 0x706a0000)
  to   space 10752K,   0% used [0x706a0000, 0x706a0000, 0x71120000)
 tenured generation   total 215116K, used 195748K [0x72800000, 0x7fa13000, 0x82800000)
   the space 215116K,  90% used [0x72800000, 0x7e729020, 0x7e729200, 0x7fa13000)
 compacting perm gen  total 42240K, used 42030K [0x82800000, 0x85140000, 0x92800000)
   the space 42240K,  99% used [0x82800000, 0x8510bbe8, 0x8510bc00, 0x85140000)
    ro space 10240K,  58% used [0x92800000, 0x92de0d00, 0x92de0e00, 0x93200000)
    rw space 12288K,  59% used [0x93200000, 0x93915cc0, 0x93915e00, 0x93e00000)
Event: 2286.893 GC heap after
Heap after GC invocations=263 (full 45):
 def new generation   total 96896K, used 10752K [0x6a800000, 0x71120000, 0x72800000)
  eden space 86144K,   0% used [0x6a800000, 0x6a800000, 0x6fc20000)
  from space 10752K, 100% used [0x706a0000, 0x71120000, 0x71120000)
  to   space 10752K,   0% used [0x6fc20000, 0x6fc20000, 0x706a0000)
 tenured generation   total 215116K, used 201911K [0x72800000, 0x7fa13000, 0x82800000)
   the space 215116K,  93% used [0x72800000, 0x7ed2dfd0, 0x7ed2e000, 0x7fa13000)
 compacting perm gen  total 42240K, used 42030K [0x82800000, 0x85140000, 0x92800000)
   the space 42240K,  99% used [0x82800000, 0x8510bbe8, 0x8510bc00, 0x85140000)
    ro space 10240K,  58% used [0x92800000, 0x92de0d00, 0x92de0e00, 0x93200000)
    rw space 12288K,  59% used [0x93200000, 0x93915cc0, 0x93915e00, 0x93e00000)
}
Event: 2287.259 GC heap before
{Heap before GC invocations=263 (full 45):
 def new generation   total 96896K, used 96896K [0x6a800000, 0x71120000, 0x72800000)
  eden space 86144K, 100% used [0x6a800000, 0x6fc20000, 0x6fc20000)
  from space 10752K, 100% used [0x706a0000, 0x71120000, 0x71120000)
  to   space 10752K,   0% used [0x6fc20000, 0x6fc20000, 0x706a0000)
 tenured generation   total 215116K, used 201911K [0x72800000, 0x7fa13000, 0x82800000)
   the space 215116K,  93% used [0x72800000, 0x7ed2dfd0, 0x7ed2e000, 0x7fa13000)
 compacting perm gen  total 42240K, used 42030K [0x82800000, 0x85140000, 0x92800000)
   the space 42240K,  99% used [0x82800000, 0x8510bbe8, 0x8510bc00, 0x85140000)
    ro space 10240K,  58% used [0x92800000, 0x92de0d00, 0x92de0e00, 0x93200000)
    rw space 12288K,  59% used [0x93200000, 0x93915cc0, 0x93915e00, 0x93e00000)
Event: 2287.361 GC heap after
Heap after GC invocations=264 (full 45):
 def new generation   total 96896K, used 6764K [0x6a800000, 0x71120000, 0x72800000)
  eden space 86144K,   0% used [0x6a800000, 0x6a800000, 0x6fc20000)
  from space 10752K,  62% used [0x6fc20000, 0x702bb0f0, 0x706a0000)
  to   space 10752K,   0% used [0x706a0000, 0x706a0000, 0x71120000)
 tenured generation   total 215116K, used 209105K [0x72800000, 0x7fa13000, 0x82800000)
   the space 215116K,  97% used [0x72800000, 0x7f4347c8, 0x7f434800, 0x7fa13000)
 compacting perm gen  total 42240K, used 42030K [0x82800000, 0x85140000, 0x92800000)
   the space 42240K,  99% used [0x82800000, 0x8510bbe8, 0x8510bc00, 0x85140000)
    ro space 10240K,  58% used [0x92800000, 0x92de0d00, 0x92de0e00, 0x93200000)
    rw space 12288K,  59% used [0x93200000, 0x93915cc0, 0x93915e00, 0x93e00000)
}
Event: 2288.665 GC heap before
{Heap before GC invocations=264 (full 45):
 def new generation   total 96896K, used 92908K [0x6a800000, 0x71120000, 0x72800000)
  eden space 86144K, 100% used [0x6a800000, 0x6fc20000, 0x6fc20000)
  from space 10752K,  62% used [0x6fc20000, 0x702bb0f0, 0x706a0000)
  to   space 10752K,   0% used [0x706a0000, 0x706a0000, 0x71120000)
 tenured generation   total 215116K, used 209105K [0x72800000, 0x7fa13000, 0x82800000)
   the space 215116K,  97% used [0x72800000, 0x7f4347c8, 0x7f434800, 0x7fa13000)
 compacting perm gen  total 42240K, used 42030K [0x82800000, 0x85140000, 0x92800000)
   the space 42240K,  99% used [0x82800000, 0x8510bbe8, 0x8510bc00, 0x85140000)
    ro space 10240K,  58% used [0x92800000, 0x92de0d00, 0x92de0e00, 0x93200000)
    rw space 12288K,  59% used [0x93200000, 0x93915cc0, 0x93915e00, 0x93e00000)

